{"obj": {"type": "AssignString", "path": ["sys", "name"], "value": "Experiment1"}, "version": 1, "at": 1735922777.3706803}
{"obj": {"type": "AssignString", "path": ["sys", "description"], "value": ""}, "version": 2, "at": 1735922777.371651}
{"obj": {"type": "AssignString", "path": ["monitoring", "f5cbfbf8", "hostname"], "value": "DESKTOP-779VC4N"}, "version": 3, "at": 1735922777.371651}
{"obj": {"type": "AssignString", "path": ["sys", "hostname"], "value": "DESKTOP-779VC4N"}, "version": 4, "at": 1735922777.372699}
{"obj": {"type": "AssignString", "path": ["monitoring", "f5cbfbf8", "pid"], "value": "32508"}, "version": 5, "at": 1735922777.3732462}
{"obj": {"type": "AssignString", "path": ["monitoring", "f5cbfbf8", "tid"], "value": "22240"}, "version": 6, "at": 1735922777.3732462}
{"obj": {"type": "AddStrings", "path": ["sys", "tags"], "values": ["experiment", "training"]}, "version": 7, "at": 1735922777.3732462}
{"obj": {"type": "AssignBool", "path": ["sys", "failed"], "value": false}, "version": 8, "at": 1735922777.3742523}
{"obj": {"type": "ClearStringLog", "path": ["monitoring", "f5cbfbf8", "stdout"]}, "version": 9, "at": 1735922777.3742523}
{"obj": {"type": "ClearStringLog", "path": ["monitoring", "f5cbfbf8", "stderr"]}, "version": 10, "at": 1735922777.3742523}
{"obj": {"type": "AssignString", "path": ["source_code", "entrypoint"], "value": "main.py"}, "version": 11, "at": 1735922777.377285}
{"obj": {"type": "UploadFileSet", "path": ["source_code", "files"], "file_globs": ["D:\\GitHub Projects\\RL\\main.py"], "reset": "False"}, "version": 12, "at": 1735922777.377285}
{"obj": {"type": "UploadFile", "path": ["source_code", "diff"], "ext": "patch", "file_path": null, "tmp_file_name": "source_code_diff-1735922777.598309-2025-01-03_18.46.17.598309.patch", "clean_after_upload": false}, "version": 13, "at": 1735922777.5993092}
{"obj": {"type": "UploadFile", "path": ["source_code", "upstream_diff_95a3c3a61dc8d6046b0c24ff205a5a767316827a"], "ext": "patch", "file_path": null, "tmp_file_name": "source_code_upstream_diff_95a3c3a61dc8d6046b0c24ff205a5a767316827a-1735922777.599309-2025-01-03_18.46.17.599309.patch", "clean_after_upload": false}, "version": 14, "at": 1735922777.6003087}
{"obj": {"type": "ConfigFloatSeries", "path": ["monitoring", "f5cbfbf8", "cpu"], "min": 0.0, "max": 100.0, "unit": "%"}, "version": 15, "at": 1735922777.667886}
{"obj": {"type": "ClearFloatLog", "path": ["monitoring", "f5cbfbf8", "cpu"]}, "version": 16, "at": 1735922777.668885}
{"obj": {"type": "LogStrings", "path": ["monitoring", "f5cbfbf8", "stderr"], "values": [{"value": "[neptune] [warning] C:\\Users\\marik\\AppData\\Local\\Programs\\Python\\Python310\\lib\\site-packages\\neptune\\common\\warnings.py:92: NeptuneWarning: Info (NVML): Unknown Error. GPU usage metrics may not be reported. For more information, see https://docs.neptune.ai/help/nvml_error/\n", "step": null, "ts": 1735922777.668885}]}, "version": 17, "at": 1735922777.668885}
{"obj": {"type": "ConfigFloatSeries", "path": ["monitoring", "f5cbfbf8", "memory"], "min": 0.0, "max": 15.737571716308594, "unit": "GB"}, "version": 18, "at": 1735922777.668885}
{"obj": {"type": "ClearFloatLog", "path": ["monitoring", "f5cbfbf8", "memory"]}, "version": 19, "at": 1735922777.668885}
{"obj": {"type": "ConfigFloatSeries", "path": ["monitoring", "f5cbfbf8", "gpu"], "min": 0.0, "max": 100.0, "unit": "%"}, "version": 20, "at": 1735922777.669881}
{"obj": {"type": "ClearFloatLog", "path": ["monitoring", "f5cbfbf8", "gpu"]}, "version": 21, "at": 1735922777.669881}
{"obj": {"type": "ConfigFloatSeries", "path": ["monitoring", "f5cbfbf8", "gpu_memory"], "min": 0.0, "max": 4.0, "unit": "GB"}, "version": 22, "at": 1735922777.669881}
{"obj": {"type": "ClearFloatLog", "path": ["monitoring", "f5cbfbf8", "gpu_memory"]}, "version": 23, "at": 1735922777.669881}
{"obj": {"type": "ConfigFloatSeries", "path": ["monitoring", "f5cbfbf8", "gpu_power"], "min": 0.0, "max": 0, "unit": "W"}, "version": 24, "at": 1735922777.669881}
{"obj": {"type": "ClearFloatLog", "path": ["monitoring", "f5cbfbf8", "gpu_power"]}, "version": 25, "at": 1735922777.6708844}
{"obj": {"type": "LogStrings", "path": ["monitoring", "f5cbfbf8", "stdout"], "values": [{"value": "Starting experiment: Experiment1", "step": null, "ts": 1735922777.683994}]}, "version": 26, "at": 1735922777.683994}
{"obj": {"type": "LogStrings", "path": ["monitoring", "f5cbfbf8", "stdout"], "values": [{"value": "\n", "step": null, "ts": 1735922777.6850023}]}, "version": 27, "at": 1735922777.6850023}
{"obj": {"type": "LogFloats", "path": ["monitoring", "f5cbfbf8", "memory"], "values": [{"value": 13.756278991699219, "step": null, "ts": 1735922777.6718926}]}, "version": 28, "at": 1735922777.6859944}
{"obj": {"type": "LogFloats", "path": ["monitoring", "f5cbfbf8", "gpu"], "values": [{"value": 57.0, "step": null, "ts": 1735922777.6718926}]}, "version": 29, "at": 1735922777.6859944}
{"obj": {"type": "LogFloats", "path": ["monitoring", "f5cbfbf8", "gpu_memory"], "values": [{"value": 0.9249954223632812, "step": null, "ts": 1735922777.6718926}]}, "version": 30, "at": 1735922777.6870346}
{"obj": {"type": "LogStrings", "path": ["monitoring", "f5cbfbf8", "stdout"], "values": [{"value": "Connected!", "step": null, "ts": 1735922777.693539}]}, "version": 31, "at": 1735922777.6945407}
{"obj": {"type": "LogStrings", "path": ["monitoring", "f5cbfbf8", "stdout"], "values": [{"value": "\n", "step": null, "ts": 1735922777.6945407}]}, "version": 32, "at": 1735922777.6945407}
{"obj": {"type": "LogStrings", "path": ["monitoring", "f5cbfbf8", "stdout"], "values": [{"value": "Client Ver:1 (Min Req: 1), Server Ver:1 (Min Req: 1)", "step": null, "ts": 1735922777.6995404}]}, "version": 33, "at": 1735922777.6995404}
{"obj": {"type": "LogStrings", "path": ["monitoring", "f5cbfbf8", "stdout"], "values": [{"value": "\n", "step": null, "ts": 1735922777.6995404}]}, "version": 34, "at": 1735922777.6995404}
{"obj": {"type": "LogStrings", "path": ["monitoring", "f5cbfbf8", "stdout"], "values": [{"value": "", "step": null, "ts": 1735922777.7005794}]}, "version": 35, "at": 1735922777.7005794}
{"obj": {"type": "LogStrings", "path": ["monitoring", "f5cbfbf8", "stdout"], "values": [{"value": "\n", "step": null, "ts": 1735922777.7005794}]}, "version": 36, "at": 1735922777.7005794}
{"obj": {"type": "LogStrings", "path": ["monitoring", "f5cbfbf8", "stdout"], "values": [{"value": "Starting location of car1: -30, 0", "step": null, "ts": 1735922777.776571}]}, "version": 37, "at": 1735922777.776571}
{"obj": {"type": "LogStrings", "path": ["monitoring", "f5cbfbf8", "stdout"], "values": [{"value": "\n", "step": null, "ts": 1735922777.7775207}]}, "version": 38, "at": 1735922777.7775207}
{"obj": {"type": "LogStrings", "path": ["monitoring", "f5cbfbf8", "stdout"], "values": [{"value": "Starting location of car2: 0, -35", "step": null, "ts": 1735922777.7785263}]}, "version": 39, "at": 1735922777.7785263}
{"obj": {"type": "LogStrings", "path": ["monitoring", "f5cbfbf8", "stdout"], "values": [{"value": "\n", "step": null, "ts": 1735922777.7785263}]}, "version": 40, "at": 1735922777.7785263}
{"obj": {"type": "LogStrings", "path": ["monitoring", "f5cbfbf8", "stdout"], "values": [{"value": "Starting location of car1: 30, 0", "step": null, "ts": 1735922777.7936268}]}, "version": 41, "at": 1735922777.7936268}
{"obj": {"type": "LogStrings", "path": ["monitoring", "f5cbfbf8", "stdout"], "values": [{"value": "\n", "step": null, "ts": 1735922777.7946277}]}, "version": 42, "at": 1735922777.7946277}
{"obj": {"type": "LogStrings", "path": ["monitoring", "f5cbfbf8", "stdout"], "values": [{"value": "Starting location of car2: 0, 25", "step": null, "ts": 1735922777.7946277}]}, "version": 43, "at": 1735922777.7946277}
{"obj": {"type": "LogStrings", "path": ["monitoring", "f5cbfbf8", "stdout"], "values": [{"value": "\n", "step": null, "ts": 1735922777.7956288}]}, "version": 44, "at": 1735922777.7956288}
{"obj": {"type": "LogStrings", "path": ["monitoring", "f5cbfbf8", "stdout"], "values": [{"value": "Starting location of car1: -30, 0", "step": null, "ts": 1735922777.8279624}]}, "version": 45, "at": 1735922777.8279624}
{"obj": {"type": "LogStrings", "path": ["monitoring", "f5cbfbf8", "stdout"], "values": [{"value": "\n", "step": null, "ts": 1735922777.8289564}]}, "version": 46, "at": 1735922777.8289564}
{"obj": {"type": "LogStrings", "path": ["monitoring", "f5cbfbf8", "stdout"], "values": [{"value": "Starting location of car2: 0, 25", "step": null, "ts": 1735922777.8299186}]}, "version": 47, "at": 1735922777.8299186}
{"obj": {"type": "LogStrings", "path": ["monitoring", "f5cbfbf8", "stdout"], "values": [{"value": "\n", "step": null, "ts": 1735922777.8299186}]}, "version": 48, "at": 1735922777.8299186}
{"obj": {"type": "LogStrings", "path": ["monitoring", "f5cbfbf8", "stdout"], "values": [{"value": "Using cpu device", "step": null, "ts": 1735922777.858596}]}, "version": 49, "at": 1735922777.858596}
{"obj": {"type": "LogStrings", "path": ["monitoring", "f5cbfbf8", "stdout"], "values": [{"value": "\n", "step": null, "ts": 1735922777.8639245}]}, "version": 50, "at": 1735922777.8639245}
{"obj": {"type": "LogStrings", "path": ["monitoring", "f5cbfbf8", "stdout"], "values": [{"value": "Seed set to: 42", "step": null, "ts": 1735922777.8830397}]}, "version": 51, "at": 1735922777.8830397}
{"obj": {"type": "LogStrings", "path": ["monitoring", "f5cbfbf8", "stdout"], "values": [{"value": "\n", "step": null, "ts": 1735922777.8860574}]}, "version": 52, "at": 1735922777.8860574}
{"obj": {"type": "LogStrings", "path": ["monitoring", "f5cbfbf8", "stdout"], "values": [{"value": "Logging to experiments/03_01_2025-18_46_06_Experiment1", "step": null, "ts": 1735922781.101289}]}, "version": 53, "at": 1735922781.101289}
{"obj": {"type": "LogStrings", "path": ["monitoring", "f5cbfbf8", "stdout"], "values": [{"value": "\n", "step": null, "ts": 1735922781.101289}]}, "version": 54, "at": 1735922781.101289}
{"obj": {"type": "LogStrings", "path": ["monitoring", "f5cbfbf8", "stdout"], "values": [{"value": "@ Episode 1 @", "step": null, "ts": 1735922781.101289}]}, "version": 55, "at": 1735922781.101289}
{"obj": {"type": "LogStrings", "path": ["monitoring", "f5cbfbf8", "stdout"], "values": [{"value": "\n", "step": null, "ts": 1735922781.102802}]}, "version": 56, "at": 1735922781.102802}
{"obj": {"type": "LogStrings", "path": ["monitoring", "f5cbfbf8", "stdout"], "values": [{"value": "Starting location of car1: -30, 0", "step": null, "ts": 1735922781.1098626}]}, "version": 57, "at": 1735922781.1098626}
{"obj": {"type": "LogStrings", "path": ["monitoring", "f5cbfbf8", "stdout"], "values": [{"value": "\n", "step": null, "ts": 1735922781.1108503}]}, "version": 58, "at": 1735922781.1108503}
{"obj": {"type": "LogStrings", "path": ["monitoring", "f5cbfbf8", "stdout"], "values": [{"value": "Starting location of car2: 0, -35", "step": null, "ts": 1735922781.1108503}]}, "version": 59, "at": 1735922781.1108503}
{"obj": {"type": "LogStrings", "path": ["monitoring", "f5cbfbf8", "stdout"], "values": [{"value": "\n", "step": null, "ts": 1735922781.1108503}]}, "version": 60, "at": 1735922781.1108503}
{"obj": {"type": "LogStrings", "path": ["monitoring", "f5cbfbf8", "stdout"], "values": [{"value": "Action: [1]", "step": null, "ts": 1735922781.147589}]}, "version": 61, "at": 1735922781.147589}
{"obj": {"type": "LogStrings", "path": ["monitoring", "f5cbfbf8", "stdout"], "values": [{"value": "\n", "step": null, "ts": 1735922781.1485498}]}, "version": 62, "at": 1735922781.1485498}
{"obj": {"type": "LogStrings", "path": ["monitoring", "f5cbfbf8", "stdout"], "values": [{"value": "Action: [0]", "step": null, "ts": 1735922781.686121}]}, "version": 63, "at": 1735922781.686121}
{"obj": {"type": "LogStrings", "path": ["monitoring", "f5cbfbf8", "stdout"], "values": [{"value": "\n", "step": null, "ts": 1735922781.686121}]}, "version": 64, "at": 1735922781.686121}
{"obj": {"type": "LogStrings", "path": ["monitoring", "f5cbfbf8", "stdout"], "values": [{"value": "Action: [0]", "step": null, "ts": 1735922782.2056723}]}, "version": 65, "at": 1735922782.2056723}
{"obj": {"type": "LogStrings", "path": ["monitoring", "f5cbfbf8", "stdout"], "values": [{"value": "\n", "step": null, "ts": 1735922782.2066667}]}, "version": 66, "at": 1735922782.2066667}
{"obj": {"type": "LogStrings", "path": ["monitoring", "f5cbfbf8", "stdout"], "values": [{"value": "Action: [0]", "step": null, "ts": 1735922782.7369108}]}, "version": 67, "at": 1735922782.7369108}
{"obj": {"type": "LogStrings", "path": ["monitoring", "f5cbfbf8", "stdout"], "values": [{"value": "\n", "step": null, "ts": 1735922782.737955}]}, "version": 68, "at": 1735922782.737955}
{"obj": {"type": "LogStrings", "path": ["monitoring", "f5cbfbf8", "stdout"], "values": [{"value": "Action: [0]", "step": null, "ts": 1735922783.265586}]}, "version": 69, "at": 1735922783.265586}
{"obj": {"type": "LogStrings", "path": ["monitoring", "f5cbfbf8", "stdout"], "values": [{"value": "\n", "step": null, "ts": 1735922783.265586}]}, "version": 70, "at": 1735922783.265586}
{"obj": {"type": "LogStrings", "path": ["monitoring", "f5cbfbf8", "stdout"], "values": [{"value": "Action: [0]", "step": null, "ts": 1735922783.788747}]}, "version": 71, "at": 1735922783.788747}
{"obj": {"type": "LogStrings", "path": ["monitoring", "f5cbfbf8", "stdout"], "values": [{"value": "\n", "step": null, "ts": 1735922783.7896948}]}, "version": 72, "at": 1735922783.7896948}
{"obj": {"type": "LogStrings", "path": ["monitoring", "f5cbfbf8", "stdout"], "values": [{"value": "Action: [1]", "step": null, "ts": 1735922784.3150692}]}, "version": 73, "at": 1735922784.3150692}
{"obj": {"type": "LogStrings", "path": ["monitoring", "f5cbfbf8", "stdout"], "values": [{"value": "\n", "step": null, "ts": 1735922784.3161001}]}, "version": 74, "at": 1735922784.3161001}
{"obj": {"type": "LogStrings", "path": ["monitoring", "f5cbfbf8", "stdout"], "values": [{"value": "Action: [1]", "step": null, "ts": 1735922784.8517063}]}, "version": 75, "at": 1735922784.8517063}
{"obj": {"type": "LogStrings", "path": ["monitoring", "f5cbfbf8", "stdout"], "values": [{"value": "\n", "step": null, "ts": 1735922784.8527093}]}, "version": 76, "at": 1735922784.8527093}
{"obj": {"type": "LogStrings", "path": ["monitoring", "f5cbfbf8", "stdout"], "values": [{"value": "Action: [0]", "step": null, "ts": 1735922785.372827}]}, "version": 77, "at": 1735922785.372827}
{"obj": {"type": "LogStrings", "path": ["monitoring", "f5cbfbf8", "stdout"], "values": [{"value": "\n", "step": null, "ts": 1735922785.3741968}]}, "version": 78, "at": 1735922785.3741968}
{"obj": {"type": "LogStrings", "path": ["monitoring", "f5cbfbf8", "stdout"], "values": [{"value": "Action: [1]", "step": null, "ts": 1735922785.905491}]}, "version": 79, "at": 1735922785.905491}
{"obj": {"type": "LogStrings", "path": ["monitoring", "f5cbfbf8", "stdout"], "values": [{"value": "\n", "step": null, "ts": 1735922785.9064412}]}, "version": 80, "at": 1735922785.9064412}
{"obj": {"type": "LogStrings", "path": ["monitoring", "f5cbfbf8", "stdout"], "values": [{"value": "Action: [0]", "step": null, "ts": 1735922786.433065}]}, "version": 81, "at": 1735922786.433065}
{"obj": {"type": "LogStrings", "path": ["monitoring", "f5cbfbf8", "stdout"], "values": [{"value": "\n", "step": null, "ts": 1735922786.433065}]}, "version": 82, "at": 1735922786.433065}
{"obj": {"type": "LogStrings", "path": ["monitoring", "f5cbfbf8", "stdout"], "values": [{"value": "Action: [1]", "step": null, "ts": 1735922786.9563062}]}, "version": 83, "at": 1735922786.9563062}
{"obj": {"type": "LogStrings", "path": ["monitoring", "f5cbfbf8", "stdout"], "values": [{"value": "\n", "step": null, "ts": 1735922786.9572546}]}, "version": 84, "at": 1735922786.9572546}
{"obj": {"type": "LogStrings", "path": ["monitoring", "f5cbfbf8", "stdout"], "values": [{"value": "Action: [0]", "step": null, "ts": 1735922787.4827287}]}, "version": 85, "at": 1735922787.4827287}
{"obj": {"type": "LogStrings", "path": ["monitoring", "f5cbfbf8", "stdout"], "values": [{"value": "\n", "step": null, "ts": 1735922787.4832437}]}, "version": 86, "at": 1735922787.4832437}
{"obj": {"type": "LogFloats", "path": ["monitoring", "f5cbfbf8", "cpu"], "values": [{"value": 24.8, "step": null, "ts": 1735922787.699076}]}, "version": 87, "at": 1735922787.7162685}
{"obj": {"type": "LogFloats", "path": ["monitoring", "f5cbfbf8", "memory"], "values": [{"value": 13.801868438720703, "step": null, "ts": 1735922787.699076}]}, "version": 88, "at": 1735922787.717323}
{"obj": {"type": "LogFloats", "path": ["monitoring", "f5cbfbf8", "gpu"], "values": [{"value": 75.0, "step": null, "ts": 1735922787.699076}]}, "version": 89, "at": 1735922787.719283}
{"obj": {"type": "LogFloats", "path": ["monitoring", "f5cbfbf8", "gpu_memory"], "values": [{"value": 0.9249954223632812, "step": null, "ts": 1735922787.699076}]}, "version": 90, "at": 1735922787.719283}
{"obj": {"type": "LogStrings", "path": ["monitoring", "f5cbfbf8", "stdout"], "values": [{"value": "Action: [0]", "step": null, "ts": 1735922788.0097966}]}, "version": 91, "at": 1735922788.0097966}
{"obj": {"type": "LogStrings", "path": ["monitoring", "f5cbfbf8", "stdout"], "values": [{"value": "\n", "step": null, "ts": 1735922788.0108395}]}, "version": 92, "at": 1735922788.0108395}
{"obj": {"type": "LogStrings", "path": ["monitoring", "f5cbfbf8", "stdout"], "values": [{"value": "Action: [1]", "step": null, "ts": 1735922788.535751}]}, "version": 93, "at": 1735922788.535751}
{"obj": {"type": "LogStrings", "path": ["monitoring", "f5cbfbf8", "stdout"], "values": [{"value": "\n", "step": null, "ts": 1735922788.53675}]}, "version": 94, "at": 1735922788.5373058}
{"obj": {"type": "LogStrings", "path": ["monitoring", "f5cbfbf8", "stdout"], "values": [{"value": "************************************Colission!!!!!**********************************************", "step": null, "ts": 1735922789.0596402}]}, "version": 95, "at": 1735922789.0596402}
{"obj": {"type": "LogStrings", "path": ["monitoring", "f5cbfbf8", "stdout"], "values": [{"value": "\n", "step": null, "ts": 1735922789.0596402}]}, "version": 96, "at": 1735922789.0606298}
{"obj": {"type": "LogStrings", "path": ["monitoring", "f5cbfbf8", "stdout"], "values": [{"value": "Starting location of car1: 30, 0", "step": null, "ts": 1735922789.0616407}]}, "version": 97, "at": 1735922789.0616407}
{"obj": {"type": "LogStrings", "path": ["monitoring", "f5cbfbf8", "stdout"], "values": [{"value": "\n", "step": null, "ts": 1735922789.0616407}]}, "version": 98, "at": 1735922789.0616407}
{"obj": {"type": "LogStrings", "path": ["monitoring", "f5cbfbf8", "stdout"], "values": [{"value": "Starting location of car2: 0, -35", "step": null, "ts": 1735922789.0626283}]}, "version": 99, "at": 1735922789.0626283}
{"obj": {"type": "LogStrings", "path": ["monitoring", "f5cbfbf8", "stdout"], "values": [{"value": "\n", "step": null, "ts": 1735922789.0626283}]}, "version": 100, "at": 1735922789.0626283}
{"obj": {"type": "LogStrings", "path": ["monitoring", "f5cbfbf8", "stdout"], "values": [{"value": "********* collision ***********", "step": null, "ts": 1735922789.094876}]}, "version": 101, "at": 1735922789.095876}
{"obj": {"type": "LogStrings", "path": ["Car1_actions_per_episode"], "values": [{"value": "[1], [0], [0], [0], [0], [0], [1], [1], [0], [1], [0], [1], [0], [0], [1]", "step": null, "ts": 1735922789.0968814}]}, "version": 102, "at": 1735922789.0968814}
{"obj": {"type": "LogStrings", "path": ["monitoring", "f5cbfbf8", "stdout"], "values": [{"value": "\n", "step": null, "ts": 1735922789.0978804}]}, "version": 103, "at": 1735922789.0978804}
{"obj": {"type": "LogStrings", "path": ["monitoring", "f5cbfbf8", "stdout"], "values": [{"value": "Episode 1 finished with reward: [-41.4]", "step": null, "ts": 1735922789.0978804}]}, "version": 104, "at": 1735922789.0978804}
{"obj": {"type": "LogStrings", "path": ["monitoring", "f5cbfbf8", "stdout"], "values": [{"value": "\n", "step": null, "ts": 1735922789.098877}]}, "version": 105, "at": 1735922789.098877}
{"obj": {"type": "LogStrings", "path": ["monitoring", "f5cbfbf8", "stdout"], "values": [{"value": "Total Steps: 15, Episode steps: 15", "step": null, "ts": 1735922789.098877}]}, "version": 106, "at": 1735922789.098877}
{"obj": {"type": "LogStrings", "path": ["monitoring", "f5cbfbf8", "stdout"], "values": [{"value": "\n", "step": null, "ts": 1735922789.098877}]}, "version": 107, "at": 1735922789.098877}
{"obj": {"type": "LogFloats", "path": ["monitoring", "f5cbfbf8", "cpu"], "values": [{"value": 15.4, "step": null, "ts": 1735922797.7330742}]}, "version": 108, "at": 1735922797.7407198}
{"obj": {"type": "LogFloats", "path": ["monitoring", "f5cbfbf8", "memory"], "values": [{"value": 13.81808090209961, "step": null, "ts": 1735922797.7330742}]}, "version": 109, "at": 1735922797.7407198}
{"obj": {"type": "LogFloats", "path": ["monitoring", "f5cbfbf8", "gpu"], "values": [{"value": 21.0, "step": null, "ts": 1735922797.7330742}]}, "version": 110, "at": 1735922797.74172}
{"obj": {"type": "LogFloats", "path": ["monitoring", "f5cbfbf8", "gpu_memory"], "values": [{"value": 0.9249954223632812, "step": null, "ts": 1735922797.7330742}]}, "version": 111, "at": 1735922797.74172}
{"obj": {"type": "LogFloats", "path": ["monitoring", "f5cbfbf8", "cpu"], "values": [{"value": 7.1, "step": null, "ts": 1735922807.748435}]}, "version": 112, "at": 1735922807.7557583}
{"obj": {"type": "LogFloats", "path": ["monitoring", "f5cbfbf8", "memory"], "values": [{"value": 13.7091064453125, "step": null, "ts": 1735922807.748435}]}, "version": 113, "at": 1735922807.7557583}
{"obj": {"type": "LogFloats", "path": ["monitoring", "f5cbfbf8", "gpu"], "values": [{"value": 35.0, "step": null, "ts": 1735922807.748435}]}, "version": 114, "at": 1735922807.756746}
{"obj": {"type": "LogFloats", "path": ["monitoring", "f5cbfbf8", "gpu_memory"], "values": [{"value": 0.9249954223632812, "step": null, "ts": 1735922807.748435}]}, "version": 115, "at": 1735922807.756746}
{"obj": {"type": "LogFloats", "path": ["monitoring", "f5cbfbf8", "cpu"], "values": [{"value": 6.7, "step": null, "ts": 1735922817.7713766}]}, "version": 116, "at": 1735922817.7789648}
{"obj": {"type": "LogFloats", "path": ["monitoring", "f5cbfbf8", "memory"], "values": [{"value": 13.718833923339844, "step": null, "ts": 1735922817.7713766}]}, "version": 117, "at": 1735922817.7789648}
{"obj": {"type": "LogFloats", "path": ["monitoring", "f5cbfbf8", "gpu"], "values": [{"value": 35.0, "step": null, "ts": 1735922817.7713766}]}, "version": 118, "at": 1735922817.7789648}
{"obj": {"type": "LogFloats", "path": ["monitoring", "f5cbfbf8", "gpu_memory"], "values": [{"value": 0.9249954223632812, "step": null, "ts": 1735922817.7713766}]}, "version": 119, "at": 1735922817.7789648}
{"obj": {"type": "LogFloats", "path": ["monitoring", "f5cbfbf8", "cpu"], "values": [{"value": 10.0, "step": null, "ts": 1735922827.7910006}]}, "version": 120, "at": 1735922827.810584}
{"obj": {"type": "LogFloats", "path": ["monitoring", "f5cbfbf8", "memory"], "values": [{"value": 13.877059936523438, "step": null, "ts": 1735922827.7910006}]}, "version": 121, "at": 1735922827.810584}
{"obj": {"type": "LogFloats", "path": ["monitoring", "f5cbfbf8", "gpu"], "values": [{"value": 35.0, "step": null, "ts": 1735922827.7910006}]}, "version": 122, "at": 1735922827.810584}
{"obj": {"type": "LogFloats", "path": ["monitoring", "f5cbfbf8", "gpu_memory"], "values": [{"value": 0.9249954223632812, "step": null, "ts": 1735922827.7910006}]}, "version": 123, "at": 1735922827.8115878}
{"obj": {"type": "LogFloats", "path": ["reward_episode"], "values": [{"value": -41.400001525878906, "step": 0, "ts": 1735922830.4818256}]}, "version": 124, "at": 1735922830.4818256}
{"obj": {"type": "LogFloats", "path": ["steps_per_episode"], "values": [{"value": 15.0, "step": 0, "ts": 1735922833.1290333}]}, "version": 125, "at": 1735922833.1290333}
{"obj": {"type": "LogFloats", "path": ["collisions_episode"], "values": [{"value": 1.0, "step": 0, "ts": 1735922835.570665}]}, "version": 126, "at": 1735922835.570665}
{"obj": {"type": "LogStrings", "path": ["monitoring", "f5cbfbf8", "stdout"], "values": [{"value": "Starting location of car1: -30, 0", "step": null, "ts": 1735922837.7626395}]}, "version": 127, "at": 1735922837.7626395}
{"obj": {"type": "LogStrings", "path": ["monitoring", "f5cbfbf8", "stdout"], "values": [{"value": "\n", "step": null, "ts": 1735922837.763649}]}, "version": 128, "at": 1735922837.763649}
{"obj": {"type": "LogStrings", "path": ["monitoring", "f5cbfbf8", "stdout"], "values": [{"value": "Starting location of car2: 0, -35", "step": null, "ts": 1735922837.7646506}]}, "version": 129, "at": 1735922837.7646506}
{"obj": {"type": "LogStrings", "path": ["monitoring", "f5cbfbf8", "stdout"], "values": [{"value": "\n", "step": null, "ts": 1735922837.7646506}]}, "version": 130, "at": 1735922837.7656472}
{"obj": {"type": "LogFloats", "path": ["monitoring", "f5cbfbf8", "cpu"], "values": [{"value": 13.5, "step": null, "ts": 1735922837.8165655}]}, "version": 131, "at": 1735922837.823355}
{"obj": {"type": "LogFloats", "path": ["monitoring", "f5cbfbf8", "memory"], "values": [{"value": 13.846572875976562, "step": null, "ts": 1735922837.8165655}]}, "version": 132, "at": 1735922837.823355}
{"obj": {"type": "LogFloats", "path": ["monitoring", "f5cbfbf8", "gpu_memory"], "values": [{"value": 0.9249954223632812, "step": null, "ts": 1735922837.8165655}]}, "version": 133, "at": 1735922837.824394}
{"obj": {"type": "LogStrings", "path": ["monitoring", "f5cbfbf8", "stdout"], "values": [{"value": "------------------------------------------------------------------------\n| batch_size                    | 160                                  |\n| car1_action_fast              | 0.7                                  |\n| car1_action_slow              | 0.4                                  |\n| car1_initial_position_options | [[30, 0], [-30, 0]]                  |\n| car1_state                    | [x1, y1, Vx1, Vy1, x2, y2, Vx2, Vy2] |\n| car2_action                   | 0.55                                 |\n| car2_initial_position_options | [[0, 30], [0, -30]]                  |\n| car2_state                    | [x2, y2, Vx2, Vy2, x1, y1, Vx1, Vy1] |\n| collision_reward              | -20                                  |\n| epochs                        | 1                                    |\n| experiment_id                 | Experiment1                          |\n| exploration_threshold         | 50                                   |\n| learning_rate                 | 0.0003           ", "step": null, "ts": 1735922838.241495}]}, "version": 134, "at": 1735922838.241495}
{"obj": {"type": "LogStrings", "path": ["monitoring", "f5cbfbf8", "stdout"], "values": [{"value": "[neptune] [warning] Warning: string series 'monitoring/f5cbfbf8/stdout' value was longer than 1000 characters and was truncated. This warning is printed only once per series.\n", "step": null, "ts": 1735922838.241495}]}, "version": 135, "at": 1735922838.241495}
{"obj": {"type": "LogStrings", "path": ["monitoring", "f5cbfbf8", "stderr"], "values": [{"value": "Traceback (most recent call last):\n", "step": null, "ts": 1735922839.3855014}]}, "version": 136, "at": 1735922839.3865004}
{"obj": {"type": "LogStrings", "path": ["monitoring", "f5cbfbf8", "stderr"], "values": [{"value": "", "step": null, "ts": 1735922839.3865004}]}, "version": 137, "at": 1735922839.3865004}
{"obj": {"type": "LogStrings", "path": ["monitoring", "f5cbfbf8", "stderr"], "values": [{"value": "  File \"D:\\GitHub Projects\\RL\\main.py\", line 27, in <module>\n    run_experiment(experiment_config)\n", "step": null, "ts": 1735922839.38753}]}, "version": 138, "at": 1735922839.38753}
{"obj": {"type": "LogStrings", "path": ["monitoring", "f5cbfbf8", "stderr"], "values": [{"value": "", "step": null, "ts": 1735922839.38753}]}, "version": 139, "at": 1735922839.38753}
{"obj": {"type": "LogStrings", "path": ["monitoring", "f5cbfbf8", "stderr"], "values": [{"value": "  File \"D:\\GitHub Projects\\RL\\utils\\training_loop.py\", line 112, in run_experiment\n    model, collision_counter, all_rewards, all_actions = training_loop(experiment=experiment_config, env=env,\n", "step": null, "ts": 1735922839.38753}]}, "version": 140, "at": 1735922839.38753}
{"obj": {"type": "LogStrings", "path": ["monitoring", "f5cbfbf8", "stderr"], "values": [{"value": "", "step": null, "ts": 1735922839.38753}]}, "version": 141, "at": 1735922839.38753}
{"obj": {"type": "LogStrings", "path": ["monitoring", "f5cbfbf8", "stderr"], "values": [{"value": "  File \"D:\\GitHub Projects\\RL\\utils\\training_loop.py\", line 67, in training_loop\n    print(f\"Model learned on {steps_counter} steps\")\n", "step": null, "ts": 1735922839.38753}]}, "version": 142, "at": 1735922839.38753}
{"obj": {"type": "LogStrings", "path": ["monitoring", "f5cbfbf8", "stderr"], "values": [{"value": "", "step": null, "ts": 1735922839.3885267}]}, "version": 143, "at": 1735922839.3885267}
{"obj": {"type": "LogStrings", "path": ["monitoring", "f5cbfbf8", "stderr"], "values": [{"value": "KeyboardInterrupt\n", "step": null, "ts": 1735922839.3885267}]}, "version": 144, "at": 1735922839.3885267}
{"obj": {"type": "LogStrings", "path": ["monitoring", "f5cbfbf8", "stderr"], "values": [{"value": "", "step": null, "ts": 1735922839.3885267}]}, "version": 145, "at": 1735922839.3885267}
{"obj": {"type": "LogStrings", "path": ["monitoring", "f5cbfbf8", "stdout"], "values": [{"value": "[neptune] [info   ] Shutting down background jobs, please wait a moment...\n", "step": null, "ts": 1735922839.3895235}]}, "version": 146, "at": 1735922839.3904972}
